
state 0
	$accept: .Program $end 

	MINUS  shift 20
	LPAREN  shift 19
	BREAK  shift 16
	FOR  shift 24
	IF  shift 22
	LET  shift 25
	NIL  shift 3
	WHILE  shift 23
	ID  shift 21
	INTLIT  shift 4
	STRINGLIT  shift 5
	.  error

	exp  goto 2
	seqExp  goto 6
	negation  goto 7
	callExp  goto 8
	infixExp  goto 9
	arrExp  goto 10
	recordExp  goto 11
	assignment  goto 12
	ifThenElse  goto 13
	whileExp  goto 14
	forExp  goto 15
	letExp  goto 17
	lValue  goto 18
	subscript  goto 26
	fieldExp  goto 27
	Program  goto 1

state 1
	$accept:  Program.$end 

	$end  accept
	.  error


state 2
	Program:  exp.    (1)
	infixExp:  exp.STAR exp 
	infixExp:  exp.FORWARDSLASH exp 
	infixExp:  exp.PLUS exp 
	infixExp:  exp.MINUS exp 
	infixExp:  exp.EQUALS exp 
	infixExp:  exp.DOUBLEARROW exp 
	infixExp:  exp.RARROW exp 
	infixExp:  exp.LARROW exp 
	infixExp:  exp.GREATERTHANEQ exp 
	infixExp:  exp.LESSTHANEQ exp 
	infixExp:  exp.AND exp 
	infixExp:  exp.BAR exp 

	AND  shift 38
	EQUALS  shift 32
	PLUS  shift 30
	MINUS  shift 31
	STAR  shift 28
	FORWARDSLASH  shift 29
	DOUBLEARROW  shift 33
	RARROW  shift 34
	LARROW  shift 35
	GREATERTHANEQ  shift 36
	LESSTHANEQ  shift 37
	BAR  shift 39
	.  reduce 1 (src line 52)


state 3
	exp:  NIL.    (35)

	.  reduce 35 (src line 120)


state 4
	exp:  INTLIT.    (36)

	.  reduce 36 (src line 121)


state 5
	exp:  STRINGLIT.    (37)

	.  reduce 37 (src line 122)


state 6
	exp:  seqExp.    (38)

	.  reduce 38 (src line 123)


state 7
	exp:  negation.    (39)

	.  reduce 39 (src line 124)


state 8
	exp:  callExp.    (40)

	.  reduce 40 (src line 125)


state 9
	exp:  infixExp.    (41)

	.  reduce 41 (src line 126)


state 10
	exp:  arrExp.    (42)

	.  reduce 42 (src line 127)


state 11
	exp:  recordExp.    (43)

	.  reduce 43 (src line 128)


state 12
	exp:  assignment.    (44)

	.  reduce 44 (src line 129)


state 13
	exp:  ifThenElse.    (45)

	.  reduce 45 (src line 130)


state 14
	exp:  whileExp.    (46)

	.  reduce 46 (src line 131)


state 15
	exp:  forExp.    (47)

	.  reduce 47 (src line 132)


state 16
	exp:  BREAK.    (48)

	.  reduce 48 (src line 133)


state 17
	exp:  letExp.    (49)

	.  reduce 49 (src line 134)


state 18
	subscript:  lValue.LBRACKET exp RBRACKET 
	fieldExp:  lValue.DOT ID 
	exp:  lValue.    (50)
	assignment:  lValue.COLONEQUALS exp 

	LBRACKET  shift 40
	COLONEQUALS  shift 42
	DOT  shift 41
	.  reduce 50 (src line 135)


state 19
	seqExp:  LPAREN.exp_list_semi RPAREN 
	exp_list_semi: .    (29)

	.  reduce 29 (src line 109)

	exp_list_semi  goto 43

state 20
	negation:  MINUS.exp 

	MINUS  shift 20
	LPAREN  shift 19
	BREAK  shift 16
	FOR  shift 24
	IF  shift 22
	LET  shift 25
	NIL  shift 3
	WHILE  shift 23
	ID  shift 21
	INTLIT  shift 4
	STRINGLIT  shift 5
	.  error

	exp  goto 44
	seqExp  goto 6
	negation  goto 7
	callExp  goto 8
	infixExp  goto 9
	arrExp  goto 10
	recordExp  goto 11
	assignment  goto 12
	ifThenElse  goto 13
	whileExp  goto 14
	forExp  goto 15
	letExp  goto 17
	lValue  goto 18
	subscript  goto 26
	fieldExp  goto 27

21: shift/reduce conflict (shift 46(0), red'n 25(0)) on LPAREN
21: shift/reduce conflict (shift 45(0), red'n 25(0)) on LBRACKET
state 21
	subscript:  ID.LBRACKET exp RBRACKET 
	arrExp:  ID.LBRACKET exp RBRACKET OF exp 
	lValue:  ID.    (25)
	callExp:  ID.LPAREN exp_list_comma RPAREN 
	recordExp:  ID.LCURLY Bindings RCURLY 
	recordExp:  ID.LCURLY RCURLY 

	LPAREN  shift 46
	LBRACKET  shift 45
	LCURLY  shift 47
	.  reduce 25 (src line 101)


state 22
	ifThenElse:  IF.exp THEN exp ELSE exp 
	ifThenElse:  IF.exp THEN exp 

	MINUS  shift 20
	LPAREN  shift 19
	BREAK  shift 16
	FOR  shift 24
	IF  shift 22
	LET  shift 25
	NIL  shift 3
	WHILE  shift 23
	ID  shift 21
	INTLIT  shift 4
	STRINGLIT  shift 5
	.  error

	exp  goto 48
	seqExp  goto 6
	negation  goto 7
	callExp  goto 8
	infixExp  goto 9
	arrExp  goto 10
	recordExp  goto 11
	assignment  goto 12
	ifThenElse  goto 13
	whileExp  goto 14
	forExp  goto 15
	letExp  goto 17
	lValue  goto 18
	subscript  goto 26
	fieldExp  goto 27

state 23
	whileExp:  WHILE.exp DO exp 

	MINUS  shift 20
	LPAREN  shift 19
	BREAK  shift 16
	FOR  shift 24
	IF  shift 22
	LET  shift 25
	NIL  shift 3
	WHILE  shift 23
	ID  shift 21
	INTLIT  shift 4
	STRINGLIT  shift 5
	.  error

	exp  goto 49
	seqExp  goto 6
	negation  goto 7
	callExp  goto 8
	infixExp  goto 9
	arrExp  goto 10
	recordExp  goto 11
	assignment  goto 12
	ifThenElse  goto 13
	whileExp  goto 14
	forExp  goto 15
	letExp  goto 17
	lValue  goto 18
	subscript  goto 26
	fieldExp  goto 27

state 24
	forExp:  FOR.ID COLONEQUALS exp TO exp DO exp 

	ID  shift 50
	.  error


state 25
	letExp:  LET.Decs IN exp_list_semi END 

	FUNCTION  shift 58
	TYPE  shift 56
	VAR  shift 57
	.  error

	Decs  goto 51
	funDec  goto 55
	Dec  goto 52
	tyDec  goto 53
	varDec  goto 54

state 26
	lValue:  subscript.    (26)

	.  reduce 26 (src line 102)


state 27
	lValue:  fieldExp.    (27)

	.  reduce 27 (src line 103)


state 28
	infixExp:  exp STAR.exp 

	MINUS  shift 20
	LPAREN  shift 19
	BREAK  shift 16
	FOR  shift 24
	IF  shift 22
	LET  shift 25
	NIL  shift 3
	WHILE  shift 23
	ID  shift 21
	INTLIT  shift 4
	STRINGLIT  shift 5
	.  error

	exp  goto 59
	seqExp  goto 6
	negation  goto 7
	callExp  goto 8
	infixExp  goto 9
	arrExp  goto 10
	recordExp  goto 11
	assignment  goto 12
	ifThenElse  goto 13
	whileExp  goto 14
	forExp  goto 15
	letExp  goto 17
	lValue  goto 18
	subscript  goto 26
	fieldExp  goto 27

state 29
	infixExp:  exp FORWARDSLASH.exp 

	MINUS  shift 20
	LPAREN  shift 19
	BREAK  shift 16
	FOR  shift 24
	IF  shift 22
	LET  shift 25
	NIL  shift 3
	WHILE  shift 23
	ID  shift 21
	INTLIT  shift 4
	STRINGLIT  shift 5
	.  error

	exp  goto 60
	seqExp  goto 6
	negation  goto 7
	callExp  goto 8
	infixExp  goto 9
	arrExp  goto 10
	recordExp  goto 11
	assignment  goto 12
	ifThenElse  goto 13
	whileExp  goto 14
	forExp  goto 15
	letExp  goto 17
	lValue  goto 18
	subscript  goto 26
	fieldExp  goto 27

state 30
	infixExp:  exp PLUS.exp 

	MINUS  shift 20
	LPAREN  shift 19
	BREAK  shift 16
	FOR  shift 24
	IF  shift 22
	LET  shift 25
	NIL  shift 3
	WHILE  shift 23
	ID  shift 21
	INTLIT  shift 4
	STRINGLIT  shift 5
	.  error

	exp  goto 61
	seqExp  goto 6
	negation  goto 7
	callExp  goto 8
	infixExp  goto 9
	arrExp  goto 10
	recordExp  goto 11
	assignment  goto 12
	ifThenElse  goto 13
	whileExp  goto 14
	forExp  goto 15
	letExp  goto 17
	lValue  goto 18
	subscript  goto 26
	fieldExp  goto 27

state 31
	infixExp:  exp MINUS.exp 

	MINUS  shift 20
	LPAREN  shift 19
	BREAK  shift 16
	FOR  shift 24
	IF  shift 22
	LET  shift 25
	NIL  shift 3
	WHILE  shift 23
	ID  shift 21
	INTLIT  shift 4
	STRINGLIT  shift 5
	.  error

	exp  goto 62
	seqExp  goto 6
	negation  goto 7
	callExp  goto 8
	infixExp  goto 9
	arrExp  goto 10
	recordExp  goto 11
	assignment  goto 12
	ifThenElse  goto 13
	whileExp  goto 14
	forExp  goto 15
	letExp  goto 17
	lValue  goto 18
	subscript  goto 26
	fieldExp  goto 27

state 32
	infixExp:  exp EQUALS.exp 

	MINUS  shift 20
	LPAREN  shift 19
	BREAK  shift 16
	FOR  shift 24
	IF  shift 22
	LET  shift 25
	NIL  shift 3
	WHILE  shift 23
	ID  shift 21
	INTLIT  shift 4
	STRINGLIT  shift 5
	.  error

	exp  goto 63
	seqExp  goto 6
	negation  goto 7
	callExp  goto 8
	infixExp  goto 9
	arrExp  goto 10
	recordExp  goto 11
	assignment  goto 12
	ifThenElse  goto 13
	whileExp  goto 14
	forExp  goto 15
	letExp  goto 17
	lValue  goto 18
	subscript  goto 26
	fieldExp  goto 27

state 33
	infixExp:  exp DOUBLEARROW.exp 

	MINUS  shift 20
	LPAREN  shift 19
	BREAK  shift 16
	FOR  shift 24
	IF  shift 22
	LET  shift 25
	NIL  shift 3
	WHILE  shift 23
	ID  shift 21
	INTLIT  shift 4
	STRINGLIT  shift 5
	.  error

	exp  goto 64
	seqExp  goto 6
	negation  goto 7
	callExp  goto 8
	infixExp  goto 9
	arrExp  goto 10
	recordExp  goto 11
	assignment  goto 12
	ifThenElse  goto 13
	whileExp  goto 14
	forExp  goto 15
	letExp  goto 17
	lValue  goto 18
	subscript  goto 26
	fieldExp  goto 27

state 34
	infixExp:  exp RARROW.exp 

	MINUS  shift 20
	LPAREN  shift 19
	BREAK  shift 16
	FOR  shift 24
	IF  shift 22
	LET  shift 25
	NIL  shift 3
	WHILE  shift 23
	ID  shift 21
	INTLIT  shift 4
	STRINGLIT  shift 5
	.  error

	exp  goto 65
	seqExp  goto 6
	negation  goto 7
	callExp  goto 8
	infixExp  goto 9
	arrExp  goto 10
	recordExp  goto 11
	assignment  goto 12
	ifThenElse  goto 13
	whileExp  goto 14
	forExp  goto 15
	letExp  goto 17
	lValue  goto 18
	subscript  goto 26
	fieldExp  goto 27

state 35
	infixExp:  exp LARROW.exp 

	MINUS  shift 20
	LPAREN  shift 19
	BREAK  shift 16
	FOR  shift 24
	IF  shift 22
	LET  shift 25
	NIL  shift 3
	WHILE  shift 23
	ID  shift 21
	INTLIT  shift 4
	STRINGLIT  shift 5
	.  error

	exp  goto 66
	seqExp  goto 6
	negation  goto 7
	callExp  goto 8
	infixExp  goto 9
	arrExp  goto 10
	recordExp  goto 11
	assignment  goto 12
	ifThenElse  goto 13
	whileExp  goto 14
	forExp  goto 15
	letExp  goto 17
	lValue  goto 18
	subscript  goto 26
	fieldExp  goto 27

state 36
	infixExp:  exp GREATERTHANEQ.exp 

	MINUS  shift 20
	LPAREN  shift 19
	BREAK  shift 16
	FOR  shift 24
	IF  shift 22
	LET  shift 25
	NIL  shift 3
	WHILE  shift 23
	ID  shift 21
	INTLIT  shift 4
	STRINGLIT  shift 5
	.  error

	exp  goto 67
	seqExp  goto 6
	negation  goto 7
	callExp  goto 8
	infixExp  goto 9
	arrExp  goto 10
	recordExp  goto 11
	assignment  goto 12
	ifThenElse  goto 13
	whileExp  goto 14
	forExp  goto 15
	letExp  goto 17
	lValue  goto 18
	subscript  goto 26
	fieldExp  goto 27

state 37
	infixExp:  exp LESSTHANEQ.exp 

	MINUS  shift 20
	LPAREN  shift 19
	BREAK  shift 16
	FOR  shift 24
	IF  shift 22
	LET  shift 25
	NIL  shift 3
	WHILE  shift 23
	ID  shift 21
	INTLIT  shift 4
	STRINGLIT  shift 5
	.  error

	exp  goto 68
	seqExp  goto 6
	negation  goto 7
	callExp  goto 8
	infixExp  goto 9
	arrExp  goto 10
	recordExp  goto 11
	assignment  goto 12
	ifThenElse  goto 13
	whileExp  goto 14
	forExp  goto 15
	letExp  goto 17
	lValue  goto 18
	subscript  goto 26
	fieldExp  goto 27

state 38
	infixExp:  exp AND.exp 

	MINUS  shift 20
	LPAREN  shift 19
	BREAK  shift 16
	FOR  shift 24
	IF  shift 22
	LET  shift 25
	NIL  shift 3
	WHILE  shift 23
	ID  shift 21
	INTLIT  shift 4
	STRINGLIT  shift 5
	.  error

	exp  goto 69
	seqExp  goto 6
	negation  goto 7
	callExp  goto 8
	infixExp  goto 9
	arrExp  goto 10
	recordExp  goto 11
	assignment  goto 12
	ifThenElse  goto 13
	whileExp  goto 14
	forExp  goto 15
	letExp  goto 17
	lValue  goto 18
	subscript  goto 26
	fieldExp  goto 27

state 39
	infixExp:  exp BAR.exp 

	MINUS  shift 20
	LPAREN  shift 19
	BREAK  shift 16
	FOR  shift 24
	IF  shift 22
	LET  shift 25
	NIL  shift 3
	WHILE  shift 23
	ID  shift 21
	INTLIT  shift 4
	STRINGLIT  shift 5
	.  error

	exp  goto 70
	seqExp  goto 6
	negation  goto 7
	callExp  goto 8
	infixExp  goto 9
	arrExp  goto 10
	recordExp  goto 11
	assignment  goto 12
	ifThenElse  goto 13
	whileExp  goto 14
	forExp  goto 15
	letExp  goto 17
	lValue  goto 18
	subscript  goto 26
	fieldExp  goto 27

state 40
	subscript:  lValue LBRACKET.exp RBRACKET 

	MINUS  shift 20
	LPAREN  shift 19
	BREAK  shift 16
	FOR  shift 24
	IF  shift 22
	LET  shift 25
	NIL  shift 3
	WHILE  shift 23
	ID  shift 21
	INTLIT  shift 4
	STRINGLIT  shift 5
	.  error

	exp  goto 71
	seqExp  goto 6
	negation  goto 7
	callExp  goto 8
	infixExp  goto 9
	arrExp  goto 10
	recordExp  goto 11
	assignment  goto 12
	ifThenElse  goto 13
	whileExp  goto 14
	forExp  goto 15
	letExp  goto 17
	lValue  goto 18
	subscript  goto 26
	fieldExp  goto 27

state 41
	fieldExp:  lValue DOT.ID 

	ID  shift 72
	.  error


state 42
	assignment:  lValue COLONEQUALS.exp 

	MINUS  shift 20
	LPAREN  shift 19
	BREAK  shift 16
	FOR  shift 24
	IF  shift 22
	LET  shift 25
	NIL  shift 3
	WHILE  shift 23
	ID  shift 21
	INTLIT  shift 4
	STRINGLIT  shift 5
	.  error

	exp  goto 73
	seqExp  goto 6
	negation  goto 7
	callExp  goto 8
	infixExp  goto 9
	arrExp  goto 10
	recordExp  goto 11
	assignment  goto 12
	ifThenElse  goto 13
	whileExp  goto 14
	forExp  goto 15
	letExp  goto 17
	lValue  goto 18
	subscript  goto 26
	fieldExp  goto 27

state 43
	exp_list_semi:  exp_list_semi.exp 
	exp_list_semi:  exp_list_semi.SEMICOLON exp 
	seqExp:  LPAREN exp_list_semi.RPAREN 

	MINUS  shift 20
	LPAREN  shift 19
	RPAREN  shift 76
	SEMICOLON  shift 75
	BREAK  shift 16
	FOR  shift 24
	IF  shift 22
	LET  shift 25
	NIL  shift 3
	WHILE  shift 23
	ID  shift 21
	INTLIT  shift 4
	STRINGLIT  shift 5
	.  error

	exp  goto 74
	seqExp  goto 6
	negation  goto 7
	callExp  goto 8
	infixExp  goto 9
	arrExp  goto 10
	recordExp  goto 11
	assignment  goto 12
	ifThenElse  goto 13
	whileExp  goto 14
	forExp  goto 15
	letExp  goto 17
	lValue  goto 18
	subscript  goto 26
	fieldExp  goto 27

44: shift/reduce conflict (shift 33(0), red'n 52(6)) on DOUBLEARROW
44: shift/reduce conflict (shift 34(0), red'n 52(6)) on RARROW
44: shift/reduce conflict (shift 35(0), red'n 52(6)) on LARROW
44: shift/reduce conflict (shift 36(0), red'n 52(6)) on GREATERTHANEQ
44: shift/reduce conflict (shift 37(0), red'n 52(6)) on LESSTHANEQ
44: shift/reduce conflict (shift 39(0), red'n 52(6)) on BAR
state 44
	negation:  MINUS exp.    (52)
	infixExp:  exp.STAR exp 
	infixExp:  exp.FORWARDSLASH exp 
	infixExp:  exp.PLUS exp 
	infixExp:  exp.MINUS exp 
	infixExp:  exp.EQUALS exp 
	infixExp:  exp.DOUBLEARROW exp 
	infixExp:  exp.RARROW exp 
	infixExp:  exp.LARROW exp 
	infixExp:  exp.GREATERTHANEQ exp 
	infixExp:  exp.LESSTHANEQ exp 
	infixExp:  exp.AND exp 
	infixExp:  exp.BAR exp 

	DOUBLEARROW  shift 33
	RARROW  shift 34
	LARROW  shift 35
	GREATERTHANEQ  shift 36
	LESSTHANEQ  shift 37
	BAR  shift 39
	.  reduce 52 (src line 141)


state 45
	subscript:  ID LBRACKET.exp RBRACKET 
	arrExp:  ID LBRACKET.exp RBRACKET OF exp 

	MINUS  shift 20
	LPAREN  shift 19
	BREAK  shift 16
	FOR  shift 24
	IF  shift 22
	LET  shift 25
	NIL  shift 3
	WHILE  shift 23
	ID  shift 21
	INTLIT  shift 4
	STRINGLIT  shift 5
	.  error

	exp  goto 77
	seqExp  goto 6
	negation  goto 7
	callExp  goto 8
	infixExp  goto 9
	arrExp  goto 10
	recordExp  goto 11
	assignment  goto 12
	ifThenElse  goto 13
	whileExp  goto 14
	forExp  goto 15
	letExp  goto 17
	lValue  goto 18
	subscript  goto 26
	fieldExp  goto 27

state 46
	callExp:  ID LPAREN.exp_list_comma RPAREN 
	exp_list_comma: .    (32)

	.  reduce 32 (src line 114)

	exp_list_comma  goto 78

state 47
	recordExp:  ID LCURLY.Bindings RCURLY 
	recordExp:  ID LCURLY.RCURLY 

	RCURLY  shift 80
	ID  shift 82
	.  error

	Bindings  goto 79
	Binding  goto 81

state 48
	infixExp:  exp.STAR exp 
	infixExp:  exp.FORWARDSLASH exp 
	infixExp:  exp.PLUS exp 
	infixExp:  exp.MINUS exp 
	infixExp:  exp.EQUALS exp 
	infixExp:  exp.DOUBLEARROW exp 
	infixExp:  exp.RARROW exp 
	infixExp:  exp.LARROW exp 
	infixExp:  exp.GREATERTHANEQ exp 
	infixExp:  exp.LESSTHANEQ exp 
	infixExp:  exp.AND exp 
	infixExp:  exp.BAR exp 
	ifThenElse:  IF exp.THEN exp ELSE exp 
	ifThenElse:  IF exp.THEN exp 

	AND  shift 38
	EQUALS  shift 32
	PLUS  shift 30
	MINUS  shift 31
	STAR  shift 28
	FORWARDSLASH  shift 29
	DOUBLEARROW  shift 33
	RARROW  shift 34
	LARROW  shift 35
	GREATERTHANEQ  shift 36
	LESSTHANEQ  shift 37
	BAR  shift 39
	THEN  shift 83
	.  error


state 49
	infixExp:  exp.STAR exp 
	infixExp:  exp.FORWARDSLASH exp 
	infixExp:  exp.PLUS exp 
	infixExp:  exp.MINUS exp 
	infixExp:  exp.EQUALS exp 
	infixExp:  exp.DOUBLEARROW exp 
	infixExp:  exp.RARROW exp 
	infixExp:  exp.LARROW exp 
	infixExp:  exp.GREATERTHANEQ exp 
	infixExp:  exp.LESSTHANEQ exp 
	infixExp:  exp.AND exp 
	infixExp:  exp.BAR exp 
	whileExp:  WHILE exp.DO exp 

	AND  shift 38
	EQUALS  shift 32
	PLUS  shift 30
	MINUS  shift 31
	STAR  shift 28
	FORWARDSLASH  shift 29
	DOUBLEARROW  shift 33
	RARROW  shift 34
	LARROW  shift 35
	GREATERTHANEQ  shift 36
	LESSTHANEQ  shift 37
	BAR  shift 39
	DO  shift 84
	.  error


state 50
	forExp:  FOR ID.COLONEQUALS exp TO exp DO exp 

	COLONEQUALS  shift 85
	.  error


state 51
	Decs:  Decs.Dec 
	letExp:  LET Decs.IN exp_list_semi END 

	FUNCTION  shift 58
	IN  shift 87
	TYPE  shift 56
	VAR  shift 57
	.  error

	funDec  goto 55
	Dec  goto 86
	tyDec  goto 53
	varDec  goto 54

state 52
	Decs:  Dec.    (77)

	.  reduce 77 (src line 186)


state 53
	Dec:  tyDec.    (2)

	.  reduce 2 (src line 55)


state 54
	Dec:  varDec.    (3)

	.  reduce 3 (src line 56)


state 55
	Dec:  funDec.    (4)

	.  reduce 4 (src line 57)


state 56
	tyDec:  TYPE.ID EQUALS ty 

	ID  shift 88
	.  error


state 57
	varDec:  VAR.ID COLONEQUALS exp 
	varDec:  VAR.ID COLON ID COLONEQUALS exp 

	ID  shift 89
	.  error


state 58
	funDec:  FUNCTION.ID LPAREN Params RPAREN EQUALS exp 
	funDec:  FUNCTION.ID LPAREN RPAREN EQUALS exp 
	funDec:  FUNCTION.ID LPAREN Params RPAREN COLON ID EQUALS exp 
	funDec:  FUNCTION.ID LPAREN RPAREN COLON ID EQUALS exp 

	ID  shift 90
	.  error


59: shift/reduce conflict (shift 33(0), red'n 54(5)) on DOUBLEARROW
59: shift/reduce conflict (shift 34(0), red'n 54(5)) on RARROW
59: shift/reduce conflict (shift 35(0), red'n 54(5)) on LARROW
59: shift/reduce conflict (shift 36(0), red'n 54(5)) on GREATERTHANEQ
59: shift/reduce conflict (shift 37(0), red'n 54(5)) on LESSTHANEQ
59: shift/reduce conflict (shift 39(0), red'n 54(5)) on BAR
state 59
	infixExp:  exp.STAR exp 
	infixExp:  exp STAR exp.    (54)
	infixExp:  exp.FORWARDSLASH exp 
	infixExp:  exp.PLUS exp 
	infixExp:  exp.MINUS exp 
	infixExp:  exp.EQUALS exp 
	infixExp:  exp.DOUBLEARROW exp 
	infixExp:  exp.RARROW exp 
	infixExp:  exp.LARROW exp 
	infixExp:  exp.GREATERTHANEQ exp 
	infixExp:  exp.LESSTHANEQ exp 
	infixExp:  exp.AND exp 
	infixExp:  exp.BAR exp 

	DOUBLEARROW  shift 33
	RARROW  shift 34
	LARROW  shift 35
	GREATERTHANEQ  shift 36
	LESSTHANEQ  shift 37
	BAR  shift 39
	.  reduce 54 (src line 147)


60: shift/reduce conflict (shift 33(0), red'n 55(5)) on DOUBLEARROW
60: shift/reduce conflict (shift 34(0), red'n 55(5)) on RARROW
60: shift/reduce conflict (shift 35(0), red'n 55(5)) on LARROW
60: shift/reduce conflict (shift 36(0), red'n 55(5)) on GREATERTHANEQ
60: shift/reduce conflict (shift 37(0), red'n 55(5)) on LESSTHANEQ
60: shift/reduce conflict (shift 39(0), red'n 55(5)) on BAR
state 60
	infixExp:  exp.STAR exp 
	infixExp:  exp.FORWARDSLASH exp 
	infixExp:  exp FORWARDSLASH exp.    (55)
	infixExp:  exp.PLUS exp 
	infixExp:  exp.MINUS exp 
	infixExp:  exp.EQUALS exp 
	infixExp:  exp.DOUBLEARROW exp 
	infixExp:  exp.RARROW exp 
	infixExp:  exp.LARROW exp 
	infixExp:  exp.GREATERTHANEQ exp 
	infixExp:  exp.LESSTHANEQ exp 
	infixExp:  exp.AND exp 
	infixExp:  exp.BAR exp 

	DOUBLEARROW  shift 33
	RARROW  shift 34
	LARROW  shift 35
	GREATERTHANEQ  shift 36
	LESSTHANEQ  shift 37
	BAR  shift 39
	.  reduce 55 (src line 148)


61: shift/reduce conflict (shift 33(0), red'n 56(4)) on DOUBLEARROW
61: shift/reduce conflict (shift 34(0), red'n 56(4)) on RARROW
61: shift/reduce conflict (shift 35(0), red'n 56(4)) on LARROW
61: shift/reduce conflict (shift 36(0), red'n 56(4)) on GREATERTHANEQ
61: shift/reduce conflict (shift 37(0), red'n 56(4)) on LESSTHANEQ
61: shift/reduce conflict (shift 39(0), red'n 56(4)) on BAR
state 61
	infixExp:  exp.STAR exp 
	infixExp:  exp.FORWARDSLASH exp 
	infixExp:  exp.PLUS exp 
	infixExp:  exp PLUS exp.    (56)
	infixExp:  exp.MINUS exp 
	infixExp:  exp.EQUALS exp 
	infixExp:  exp.DOUBLEARROW exp 
	infixExp:  exp.RARROW exp 
	infixExp:  exp.LARROW exp 
	infixExp:  exp.GREATERTHANEQ exp 
	infixExp:  exp.LESSTHANEQ exp 
	infixExp:  exp.AND exp 
	infixExp:  exp.BAR exp 

	STAR  shift 28
	FORWARDSLASH  shift 29
	DOUBLEARROW  shift 33
	RARROW  shift 34
	LARROW  shift 35
	GREATERTHANEQ  shift 36
	LESSTHANEQ  shift 37
	BAR  shift 39
	.  reduce 56 (src line 149)


62: shift/reduce conflict (shift 33(0), red'n 57(4)) on DOUBLEARROW
62: shift/reduce conflict (shift 34(0), red'n 57(4)) on RARROW
62: shift/reduce conflict (shift 35(0), red'n 57(4)) on LARROW
62: shift/reduce conflict (shift 36(0), red'n 57(4)) on GREATERTHANEQ
62: shift/reduce conflict (shift 37(0), red'n 57(4)) on LESSTHANEQ
62: shift/reduce conflict (shift 39(0), red'n 57(4)) on BAR
state 62
	infixExp:  exp.STAR exp 
	infixExp:  exp.FORWARDSLASH exp 
	infixExp:  exp.PLUS exp 
	infixExp:  exp.MINUS exp 
	infixExp:  exp MINUS exp.    (57)
	infixExp:  exp.EQUALS exp 
	infixExp:  exp.DOUBLEARROW exp 
	infixExp:  exp.RARROW exp 
	infixExp:  exp.LARROW exp 
	infixExp:  exp.GREATERTHANEQ exp 
	infixExp:  exp.LESSTHANEQ exp 
	infixExp:  exp.AND exp 
	infixExp:  exp.BAR exp 

	STAR  shift 28
	FORWARDSLASH  shift 29
	DOUBLEARROW  shift 33
	RARROW  shift 34
	LARROW  shift 35
	GREATERTHANEQ  shift 36
	LESSTHANEQ  shift 37
	BAR  shift 39
	.  reduce 57 (src line 150)


63: shift/reduce conflict (shift 33(0), red'n 58(3)) on DOUBLEARROW
63: shift/reduce conflict (shift 34(0), red'n 58(3)) on RARROW
63: shift/reduce conflict (shift 35(0), red'n 58(3)) on LARROW
63: shift/reduce conflict (shift 36(0), red'n 58(3)) on GREATERTHANEQ
63: shift/reduce conflict (shift 37(0), red'n 58(3)) on LESSTHANEQ
63: shift/reduce conflict (shift 39(0), red'n 58(3)) on BAR
state 63
	infixExp:  exp.STAR exp 
	infixExp:  exp.FORWARDSLASH exp 
	infixExp:  exp.PLUS exp 
	infixExp:  exp.MINUS exp 
	infixExp:  exp.EQUALS exp 
	infixExp:  exp EQUALS exp.    (58)
	infixExp:  exp.DOUBLEARROW exp 
	infixExp:  exp.RARROW exp 
	infixExp:  exp.LARROW exp 
	infixExp:  exp.GREATERTHANEQ exp 
	infixExp:  exp.LESSTHANEQ exp 
	infixExp:  exp.AND exp 
	infixExp:  exp.BAR exp 

	EQUALS  error
	PLUS  shift 30
	MINUS  shift 31
	STAR  shift 28
	FORWARDSLASH  shift 29
	DOUBLEARROW  shift 33
	RARROW  shift 34
	LARROW  shift 35
	GREATERTHANEQ  shift 36
	LESSTHANEQ  shift 37
	BAR  shift 39
	.  reduce 58 (src line 151)


64: shift/reduce conflict (shift 38(2), red'n 59(0)) on AND
64: shift/reduce conflict (shift 32(3), red'n 59(0)) on EQUALS
64: shift/reduce conflict (shift 30(4), red'n 59(0)) on PLUS
64: shift/reduce conflict (shift 31(4), red'n 59(0)) on MINUS
64: shift/reduce conflict (shift 28(5), red'n 59(0)) on STAR
64: shift/reduce conflict (shift 29(5), red'n 59(0)) on FORWARDSLASH
64: shift/reduce conflict (shift 33(0), red'n 59(0)) on DOUBLEARROW
64: shift/reduce conflict (shift 34(0), red'n 59(0)) on RARROW
64: shift/reduce conflict (shift 35(0), red'n 59(0)) on LARROW
64: shift/reduce conflict (shift 36(0), red'n 59(0)) on GREATERTHANEQ
64: shift/reduce conflict (shift 37(0), red'n 59(0)) on LESSTHANEQ
64: shift/reduce conflict (shift 39(0), red'n 59(0)) on BAR
state 64
	infixExp:  exp.STAR exp 
	infixExp:  exp.FORWARDSLASH exp 
	infixExp:  exp.PLUS exp 
	infixExp:  exp.MINUS exp 
	infixExp:  exp.EQUALS exp 
	infixExp:  exp.DOUBLEARROW exp 
	infixExp:  exp DOUBLEARROW exp.    (59)
	infixExp:  exp.RARROW exp 
	infixExp:  exp.LARROW exp 
	infixExp:  exp.GREATERTHANEQ exp 
	infixExp:  exp.LESSTHANEQ exp 
	infixExp:  exp.AND exp 
	infixExp:  exp.BAR exp 

	AND  shift 38
	EQUALS  shift 32
	PLUS  shift 30
	MINUS  shift 31
	STAR  shift 28
	FORWARDSLASH  shift 29
	DOUBLEARROW  shift 33
	RARROW  shift 34
	LARROW  shift 35
	GREATERTHANEQ  shift 36
	LESSTHANEQ  shift 37
	BAR  shift 39
	.  reduce 59 (src line 152)


65: shift/reduce conflict (shift 38(2), red'n 60(0)) on AND
65: shift/reduce conflict (shift 32(3), red'n 60(0)) on EQUALS
65: shift/reduce conflict (shift 30(4), red'n 60(0)) on PLUS
65: shift/reduce conflict (shift 31(4), red'n 60(0)) on MINUS
65: shift/reduce conflict (shift 28(5), red'n 60(0)) on STAR
65: shift/reduce conflict (shift 29(5), red'n 60(0)) on FORWARDSLASH
65: shift/reduce conflict (shift 33(0), red'n 60(0)) on DOUBLEARROW
65: shift/reduce conflict (shift 34(0), red'n 60(0)) on RARROW
65: shift/reduce conflict (shift 35(0), red'n 60(0)) on LARROW
65: shift/reduce conflict (shift 36(0), red'n 60(0)) on GREATERTHANEQ
65: shift/reduce conflict (shift 37(0), red'n 60(0)) on LESSTHANEQ
65: shift/reduce conflict (shift 39(0), red'n 60(0)) on BAR
state 65
	infixExp:  exp.STAR exp 
	infixExp:  exp.FORWARDSLASH exp 
	infixExp:  exp.PLUS exp 
	infixExp:  exp.MINUS exp 
	infixExp:  exp.EQUALS exp 
	infixExp:  exp.DOUBLEARROW exp 
	infixExp:  exp.RARROW exp 
	infixExp:  exp RARROW exp.    (60)
	infixExp:  exp.LARROW exp 
	infixExp:  exp.GREATERTHANEQ exp 
	infixExp:  exp.LESSTHANEQ exp 
	infixExp:  exp.AND exp 
	infixExp:  exp.BAR exp 

	AND  shift 38
	EQUALS  shift 32
	PLUS  shift 30
	MINUS  shift 31
	STAR  shift 28
	FORWARDSLASH  shift 29
	DOUBLEARROW  shift 33
	RARROW  shift 34
	LARROW  shift 35
	GREATERTHANEQ  shift 36
	LESSTHANEQ  shift 37
	BAR  shift 39
	.  reduce 60 (src line 153)


66: shift/reduce conflict (shift 38(2), red'n 61(0)) on AND
66: shift/reduce conflict (shift 32(3), red'n 61(0)) on EQUALS
66: shift/reduce conflict (shift 30(4), red'n 61(0)) on PLUS
66: shift/reduce conflict (shift 31(4), red'n 61(0)) on MINUS
66: shift/reduce conflict (shift 28(5), red'n 61(0)) on STAR
66: shift/reduce conflict (shift 29(5), red'n 61(0)) on FORWARDSLASH
66: shift/reduce conflict (shift 33(0), red'n 61(0)) on DOUBLEARROW
66: shift/reduce conflict (shift 34(0), red'n 61(0)) on RARROW
66: shift/reduce conflict (shift 35(0), red'n 61(0)) on LARROW
66: shift/reduce conflict (shift 36(0), red'n 61(0)) on GREATERTHANEQ
66: shift/reduce conflict (shift 37(0), red'n 61(0)) on LESSTHANEQ
66: shift/reduce conflict (shift 39(0), red'n 61(0)) on BAR
state 66
	infixExp:  exp.STAR exp 
	infixExp:  exp.FORWARDSLASH exp 
	infixExp:  exp.PLUS exp 
	infixExp:  exp.MINUS exp 
	infixExp:  exp.EQUALS exp 
	infixExp:  exp.DOUBLEARROW exp 
	infixExp:  exp.RARROW exp 
	infixExp:  exp.LARROW exp 
	infixExp:  exp LARROW exp.    (61)
	infixExp:  exp.GREATERTHANEQ exp 
	infixExp:  exp.LESSTHANEQ exp 
	infixExp:  exp.AND exp 
	infixExp:  exp.BAR exp 

	AND  shift 38
	EQUALS  shift 32
	PLUS  shift 30
	MINUS  shift 31
	STAR  shift 28
	FORWARDSLASH  shift 29
	DOUBLEARROW  shift 33
	RARROW  shift 34
	LARROW  shift 35
	GREATERTHANEQ  shift 36
	LESSTHANEQ  shift 37
	BAR  shift 39
	.  reduce 61 (src line 154)


67: shift/reduce conflict (shift 38(2), red'n 62(0)) on AND
67: shift/reduce conflict (shift 32(3), red'n 62(0)) on EQUALS
67: shift/reduce conflict (shift 30(4), red'n 62(0)) on PLUS
67: shift/reduce conflict (shift 31(4), red'n 62(0)) on MINUS
67: shift/reduce conflict (shift 28(5), red'n 62(0)) on STAR
67: shift/reduce conflict (shift 29(5), red'n 62(0)) on FORWARDSLASH
67: shift/reduce conflict (shift 33(0), red'n 62(0)) on DOUBLEARROW
67: shift/reduce conflict (shift 34(0), red'n 62(0)) on RARROW
67: shift/reduce conflict (shift 35(0), red'n 62(0)) on LARROW
67: shift/reduce conflict (shift 36(0), red'n 62(0)) on GREATERTHANEQ
67: shift/reduce conflict (shift 37(0), red'n 62(0)) on LESSTHANEQ
67: shift/reduce conflict (shift 39(0), red'n 62(0)) on BAR
state 67
	infixExp:  exp.STAR exp 
	infixExp:  exp.FORWARDSLASH exp 
	infixExp:  exp.PLUS exp 
	infixExp:  exp.MINUS exp 
	infixExp:  exp.EQUALS exp 
	infixExp:  exp.DOUBLEARROW exp 
	infixExp:  exp.RARROW exp 
	infixExp:  exp.LARROW exp 
	infixExp:  exp.GREATERTHANEQ exp 
	infixExp:  exp GREATERTHANEQ exp.    (62)
	infixExp:  exp.LESSTHANEQ exp 
	infixExp:  exp.AND exp 
	infixExp:  exp.BAR exp 

	AND  shift 38
	EQUALS  shift 32
	PLUS  shift 30
	MINUS  shift 31
	STAR  shift 28
	FORWARDSLASH  shift 29
	DOUBLEARROW  shift 33
	RARROW  shift 34
	LARROW  shift 35
	GREATERTHANEQ  shift 36
	LESSTHANEQ  shift 37
	BAR  shift 39
	.  reduce 62 (src line 155)


68: shift/reduce conflict (shift 38(2), red'n 63(0)) on AND
68: shift/reduce conflict (shift 32(3), red'n 63(0)) on EQUALS
68: shift/reduce conflict (shift 30(4), red'n 63(0)) on PLUS
68: shift/reduce conflict (shift 31(4), red'n 63(0)) on MINUS
68: shift/reduce conflict (shift 28(5), red'n 63(0)) on STAR
68: shift/reduce conflict (shift 29(5), red'n 63(0)) on FORWARDSLASH
68: shift/reduce conflict (shift 33(0), red'n 63(0)) on DOUBLEARROW
68: shift/reduce conflict (shift 34(0), red'n 63(0)) on RARROW
68: shift/reduce conflict (shift 35(0), red'n 63(0)) on LARROW
68: shift/reduce conflict (shift 36(0), red'n 63(0)) on GREATERTHANEQ
68: shift/reduce conflict (shift 37(0), red'n 63(0)) on LESSTHANEQ
68: shift/reduce conflict (shift 39(0), red'n 63(0)) on BAR
state 68
	infixExp:  exp.STAR exp 
	infixExp:  exp.FORWARDSLASH exp 
	infixExp:  exp.PLUS exp 
	infixExp:  exp.MINUS exp 
	infixExp:  exp.EQUALS exp 
	infixExp:  exp.DOUBLEARROW exp 
	infixExp:  exp.RARROW exp 
	infixExp:  exp.LARROW exp 
	infixExp:  exp.GREATERTHANEQ exp 
	infixExp:  exp.LESSTHANEQ exp 
	infixExp:  exp LESSTHANEQ exp.    (63)
	infixExp:  exp.AND exp 
	infixExp:  exp.BAR exp 

	AND  shift 38
	EQUALS  shift 32
	PLUS  shift 30
	MINUS  shift 31
	STAR  shift 28
	FORWARDSLASH  shift 29
	DOUBLEARROW  shift 33
	RARROW  shift 34
	LARROW  shift 35
	GREATERTHANEQ  shift 36
	LESSTHANEQ  shift 37
	BAR  shift 39
	.  reduce 63 (src line 156)


69: shift/reduce conflict (shift 33(0), red'n 64(2)) on DOUBLEARROW
69: shift/reduce conflict (shift 34(0), red'n 64(2)) on RARROW
69: shift/reduce conflict (shift 35(0), red'n 64(2)) on LARROW
69: shift/reduce conflict (shift 36(0), red'n 64(2)) on GREATERTHANEQ
69: shift/reduce conflict (shift 37(0), red'n 64(2)) on LESSTHANEQ
69: shift/reduce conflict (shift 39(0), red'n 64(2)) on BAR
state 69
	infixExp:  exp.STAR exp 
	infixExp:  exp.FORWARDSLASH exp 
	infixExp:  exp.PLUS exp 
	infixExp:  exp.MINUS exp 
	infixExp:  exp.EQUALS exp 
	infixExp:  exp.DOUBLEARROW exp 
	infixExp:  exp.RARROW exp 
	infixExp:  exp.LARROW exp 
	infixExp:  exp.GREATERTHANEQ exp 
	infixExp:  exp.LESSTHANEQ exp 
	infixExp:  exp.AND exp 
	infixExp:  exp AND exp.    (64)
	infixExp:  exp.BAR exp 

	EQUALS  shift 32
	PLUS  shift 30
	MINUS  shift 31
	STAR  shift 28
	FORWARDSLASH  shift 29
	DOUBLEARROW  shift 33
	RARROW  shift 34
	LARROW  shift 35
	GREATERTHANEQ  shift 36
	LESSTHANEQ  shift 37
	BAR  shift 39
	.  reduce 64 (src line 157)


70: shift/reduce conflict (shift 38(2), red'n 65(0)) on AND
70: shift/reduce conflict (shift 32(3), red'n 65(0)) on EQUALS
70: shift/reduce conflict (shift 30(4), red'n 65(0)) on PLUS
70: shift/reduce conflict (shift 31(4), red'n 65(0)) on MINUS
70: shift/reduce conflict (shift 28(5), red'n 65(0)) on STAR
70: shift/reduce conflict (shift 29(5), red'n 65(0)) on FORWARDSLASH
70: shift/reduce conflict (shift 33(0), red'n 65(0)) on DOUBLEARROW
70: shift/reduce conflict (shift 34(0), red'n 65(0)) on RARROW
70: shift/reduce conflict (shift 35(0), red'n 65(0)) on LARROW
70: shift/reduce conflict (shift 36(0), red'n 65(0)) on GREATERTHANEQ
70: shift/reduce conflict (shift 37(0), red'n 65(0)) on LESSTHANEQ
70: shift/reduce conflict (shift 39(0), red'n 65(0)) on BAR
state 70
	infixExp:  exp.STAR exp 
	infixExp:  exp.FORWARDSLASH exp 
	infixExp:  exp.PLUS exp 
	infixExp:  exp.MINUS exp 
	infixExp:  exp.EQUALS exp 
	infixExp:  exp.DOUBLEARROW exp 
	infixExp:  exp.RARROW exp 
	infixExp:  exp.LARROW exp 
	infixExp:  exp.GREATERTHANEQ exp 
	infixExp:  exp.LESSTHANEQ exp 
	infixExp:  exp.AND exp 
	infixExp:  exp.BAR exp 
	infixExp:  exp BAR exp.    (65)

	AND  shift 38
	EQUALS  shift 32
	PLUS  shift 30
	MINUS  shift 31
	STAR  shift 28
	FORWARDSLASH  shift 29
	DOUBLEARROW  shift 33
	RARROW  shift 34
	LARROW  shift 35
	GREATERTHANEQ  shift 36
	LESSTHANEQ  shift 37
	BAR  shift 39
	.  reduce 65 (src line 158)


state 71
	subscript:  lValue LBRACKET exp.RBRACKET 
	infixExp:  exp.STAR exp 
	infixExp:  exp.FORWARDSLASH exp 
	infixExp:  exp.PLUS exp 
	infixExp:  exp.MINUS exp 
	infixExp:  exp.EQUALS exp 
	infixExp:  exp.DOUBLEARROW exp 
	infixExp:  exp.RARROW exp 
	infixExp:  exp.LARROW exp 
	infixExp:  exp.GREATERTHANEQ exp 
	infixExp:  exp.LESSTHANEQ exp 
	infixExp:  exp.AND exp 
	infixExp:  exp.BAR exp 

	AND  shift 38
	EQUALS  shift 32
	PLUS  shift 30
	MINUS  shift 31
	STAR  shift 28
	FORWARDSLASH  shift 29
	RBRACKET  shift 91
	DOUBLEARROW  shift 33
	RARROW  shift 34
	LARROW  shift 35
	GREATERTHANEQ  shift 36
	LESSTHANEQ  shift 37
	BAR  shift 39
	.  error


state 72
	fieldExp:  lValue DOT ID.    (28)

	.  reduce 28 (src line 106)


73: shift/reduce conflict (shift 38(2), red'n 71(0)) on AND
73: shift/reduce conflict (shift 32(3), red'n 71(0)) on EQUALS
73: shift/reduce conflict (shift 30(4), red'n 71(0)) on PLUS
73: shift/reduce conflict (shift 31(4), red'n 71(0)) on MINUS
73: shift/reduce conflict (shift 28(5), red'n 71(0)) on STAR
73: shift/reduce conflict (shift 29(5), red'n 71(0)) on FORWARDSLASH
73: shift/reduce conflict (shift 33(0), red'n 71(0)) on DOUBLEARROW
73: shift/reduce conflict (shift 34(0), red'n 71(0)) on RARROW
73: shift/reduce conflict (shift 35(0), red'n 71(0)) on LARROW
73: shift/reduce conflict (shift 36(0), red'n 71(0)) on GREATERTHANEQ
73: shift/reduce conflict (shift 37(0), red'n 71(0)) on LESSTHANEQ
73: shift/reduce conflict (shift 39(0), red'n 71(0)) on BAR
state 73
	infixExp:  exp.STAR exp 
	infixExp:  exp.FORWARDSLASH exp 
	infixExp:  exp.PLUS exp 
	infixExp:  exp.MINUS exp 
	infixExp:  exp.EQUALS exp 
	infixExp:  exp.DOUBLEARROW exp 
	infixExp:  exp.RARROW exp 
	infixExp:  exp.LARROW exp 
	infixExp:  exp.GREATERTHANEQ exp 
	infixExp:  exp.LESSTHANEQ exp 
	infixExp:  exp.AND exp 
	infixExp:  exp.BAR exp 
	assignment:  lValue COLONEQUALS exp.    (71)

	AND  shift 38
	EQUALS  shift 32
	PLUS  shift 30
	MINUS  shift 31
	STAR  shift 28
	FORWARDSLASH  shift 29
	DOUBLEARROW  shift 33
	RARROW  shift 34
	LARROW  shift 35
	GREATERTHANEQ  shift 36
	LESSTHANEQ  shift 37
	BAR  shift 39
	.  reduce 71 (src line 172)


74: shift/reduce conflict (shift 31(4), red'n 30(0)) on MINUS
state 74
	exp_list_semi:  exp_list_semi exp.    (30)
	infixExp:  exp.STAR exp 
	infixExp:  exp.FORWARDSLASH exp 
	infixExp:  exp.PLUS exp 
	infixExp:  exp.MINUS exp 
	infixExp:  exp.EQUALS exp 
	infixExp:  exp.DOUBLEARROW exp 
	infixExp:  exp.RARROW exp 
	infixExp:  exp.LARROW exp 
	infixExp:  exp.GREATERTHANEQ exp 
	infixExp:  exp.LESSTHANEQ exp 
	infixExp:  exp.AND exp 
	infixExp:  exp.BAR exp 

	AND  shift 38
	EQUALS  shift 32
	PLUS  shift 30
	MINUS  shift 31
	STAR  shift 28
	FORWARDSLASH  shift 29
	DOUBLEARROW  shift 33
	RARROW  shift 34
	LARROW  shift 35
	GREATERTHANEQ  shift 36
	LESSTHANEQ  shift 37
	BAR  shift 39
	.  reduce 30 (src line 110)


state 75
	exp_list_semi:  exp_list_semi SEMICOLON.exp 

	MINUS  shift 20
	LPAREN  shift 19
	BREAK  shift 16
	FOR  shift 24
	IF  shift 22
	LET  shift 25
	NIL  shift 3
	WHILE  shift 23
	ID  shift 21
	INTLIT  shift 4
	STRINGLIT  shift 5
	.  error

	exp  goto 92
	seqExp  goto 6
	negation  goto 7
	callExp  goto 8
	infixExp  goto 9
	arrExp  goto 10
	recordExp  goto 11
	assignment  goto 12
	ifThenElse  goto 13
	whileExp  goto 14
	forExp  goto 15
	letExp  goto 17
	lValue  goto 18
	subscript  goto 26
	fieldExp  goto 27

state 76
	seqExp:  LPAREN exp_list_semi RPAREN.    (51)

	.  reduce 51 (src line 138)


state 77
	subscript:  ID LBRACKET exp.RBRACKET 
	arrExp:  ID LBRACKET exp.RBRACKET OF exp 
	infixExp:  exp.STAR exp 
	infixExp:  exp.FORWARDSLASH exp 
	infixExp:  exp.PLUS exp 
	infixExp:  exp.MINUS exp 
	infixExp:  exp.EQUALS exp 
	infixExp:  exp.DOUBLEARROW exp 
	infixExp:  exp.RARROW exp 
	infixExp:  exp.LARROW exp 
	infixExp:  exp.GREATERTHANEQ exp 
	infixExp:  exp.LESSTHANEQ exp 
	infixExp:  exp.AND exp 
	infixExp:  exp.BAR exp 

	AND  shift 38
	EQUALS  shift 32
	PLUS  shift 30
	MINUS  shift 31
	STAR  shift 28
	FORWARDSLASH  shift 29
	RBRACKET  shift 93
	DOUBLEARROW  shift 33
	RARROW  shift 34
	LARROW  shift 35
	GREATERTHANEQ  shift 36
	LESSTHANEQ  shift 37
	BAR  shift 39
	.  error


state 78
	exp_list_comma:  exp_list_comma.exp 
	exp_list_comma:  exp_list_comma.COMMA exp 
	callExp:  ID LPAREN exp_list_comma.RPAREN 

	MINUS  shift 20
	LPAREN  shift 19
	RPAREN  shift 96
	COMMA  shift 95
	BREAK  shift 16
	FOR  shift 24
	IF  shift 22
	LET  shift 25
	NIL  shift 3
	WHILE  shift 23
	ID  shift 21
	INTLIT  shift 4
	STRINGLIT  shift 5
	.  error

	exp  goto 94
	seqExp  goto 6
	negation  goto 7
	callExp  goto 8
	infixExp  goto 9
	arrExp  goto 10
	recordExp  goto 11
	assignment  goto 12
	ifThenElse  goto 13
	whileExp  goto 14
	forExp  goto 15
	letExp  goto 17
	lValue  goto 18
	subscript  goto 26
	fieldExp  goto 27

state 79
	recordExp:  ID LCURLY Bindings.RCURLY 
	Bindings:  Bindings.COMMA Binding 

	RCURLY  shift 97
	COMMA  shift 98
	.  error


state 80
	recordExp:  ID LCURLY RCURLY.    (67)

	.  reduce 67 (src line 162)


state 81
	Bindings:  Binding.    (69)

	.  reduce 69 (src line 166)


state 82
	Binding:  ID.EQUALS exp 

	EQUALS  shift 99
	.  error


state 83
	ifThenElse:  IF exp THEN.exp ELSE exp 
	ifThenElse:  IF exp THEN.exp 

	MINUS  shift 20
	LPAREN  shift 19
	BREAK  shift 16
	FOR  shift 24
	IF  shift 22
	LET  shift 25
	NIL  shift 3
	WHILE  shift 23
	ID  shift 21
	INTLIT  shift 4
	STRINGLIT  shift 5
	.  error

	exp  goto 100
	seqExp  goto 6
	negation  goto 7
	callExp  goto 8
	infixExp  goto 9
	arrExp  goto 10
	recordExp  goto 11
	assignment  goto 12
	ifThenElse  goto 13
	whileExp  goto 14
	forExp  goto 15
	letExp  goto 17
	lValue  goto 18
	subscript  goto 26
	fieldExp  goto 27

state 84
	whileExp:  WHILE exp DO.exp 

	MINUS  shift 20
	LPAREN  shift 19
	BREAK  shift 16
	FOR  shift 24
	IF  shift 22
	LET  shift 25
	NIL  shift 3
	WHILE  shift 23
	ID  shift 21
	INTLIT  shift 4
	STRINGLIT  shift 5
	.  error

	exp  goto 101
	seqExp  goto 6
	negation  goto 7
	callExp  goto 8
	infixExp  goto 9
	arrExp  goto 10
	recordExp  goto 11
	assignment  goto 12
	ifThenElse  goto 13
	whileExp  goto 14
	forExp  goto 15
	letExp  goto 17
	lValue  goto 18
	subscript  goto 26
	fieldExp  goto 27

state 85
	forExp:  FOR ID COLONEQUALS.exp TO exp DO exp 

	MINUS  shift 20
	LPAREN  shift 19
	BREAK  shift 16
	FOR  shift 24
	IF  shift 22
	LET  shift 25
	NIL  shift 3
	WHILE  shift 23
	ID  shift 21
	INTLIT  shift 4
	STRINGLIT  shift 5
	.  error

	exp  goto 102
	seqExp  goto 6
	negation  goto 7
	callExp  goto 8
	infixExp  goto 9
	arrExp  goto 10
	recordExp  goto 11
	assignment  goto 12
	ifThenElse  goto 13
	whileExp  goto 14
	forExp  goto 15
	letExp  goto 17
	lValue  goto 18
	subscript  goto 26
	fieldExp  goto 27

state 86
	Decs:  Decs Dec.    (76)

	.  reduce 76 (src line 185)


state 87
	letExp:  LET Decs IN.exp_list_semi END 
	exp_list_semi: .    (29)

	.  reduce 29 (src line 109)

	exp_list_semi  goto 103

state 88
	tyDec:  TYPE ID.EQUALS ty 

	EQUALS  shift 104
	.  error


state 89
	varDec:  VAR ID.COLONEQUALS exp 
	varDec:  VAR ID.COLON ID COLONEQUALS exp 

	COLON  shift 106
	COLONEQUALS  shift 105
	.  error


state 90
	funDec:  FUNCTION ID.LPAREN Params RPAREN EQUALS exp 
	funDec:  FUNCTION ID.LPAREN RPAREN EQUALS exp 
	funDec:  FUNCTION ID.LPAREN Params RPAREN COLON ID EQUALS exp 
	funDec:  FUNCTION ID.LPAREN RPAREN COLON ID EQUALS exp 

	LPAREN  shift 107
	.  error


state 91
	subscript:  lValue LBRACKET exp RBRACKET.    (22)

	.  reduce 22 (src line 94)


92: shift/reduce conflict (shift 31(4), red'n 31(0)) on MINUS
state 92
	exp_list_semi:  exp_list_semi SEMICOLON exp.    (31)
	infixExp:  exp.STAR exp 
	infixExp:  exp.FORWARDSLASH exp 
	infixExp:  exp.PLUS exp 
	infixExp:  exp.MINUS exp 
	infixExp:  exp.EQUALS exp 
	infixExp:  exp.DOUBLEARROW exp 
	infixExp:  exp.RARROW exp 
	infixExp:  exp.LARROW exp 
	infixExp:  exp.GREATERTHANEQ exp 
	infixExp:  exp.LESSTHANEQ exp 
	infixExp:  exp.AND exp 
	infixExp:  exp.BAR exp 

	AND  shift 38
	EQUALS  shift 32
	PLUS  shift 30
	MINUS  shift 31
	STAR  shift 28
	FORWARDSLASH  shift 29
	DOUBLEARROW  shift 33
	RARROW  shift 34
	LARROW  shift 35
	GREATERTHANEQ  shift 36
	LESSTHANEQ  shift 37
	BAR  shift 39
	.  reduce 31 (src line 111)


state 93
	subscript:  ID LBRACKET exp RBRACKET.    (23)
	arrExp:  ID LBRACKET exp RBRACKET.OF exp 

	OF  shift 108
	.  reduce 23 (src line 95)


94: shift/reduce conflict (shift 31(4), red'n 33(0)) on MINUS
state 94
	exp_list_comma:  exp_list_comma exp.    (33)
	infixExp:  exp.STAR exp 
	infixExp:  exp.FORWARDSLASH exp 
	infixExp:  exp.PLUS exp 
	infixExp:  exp.MINUS exp 
	infixExp:  exp.EQUALS exp 
	infixExp:  exp.DOUBLEARROW exp 
	infixExp:  exp.RARROW exp 
	infixExp:  exp.LARROW exp 
	infixExp:  exp.GREATERTHANEQ exp 
	infixExp:  exp.LESSTHANEQ exp 
	infixExp:  exp.AND exp 
	infixExp:  exp.BAR exp 

	AND  shift 38
	EQUALS  shift 32
	PLUS  shift 30
	MINUS  shift 31
	STAR  shift 28
	FORWARDSLASH  shift 29
	DOUBLEARROW  shift 33
	RARROW  shift 34
	LARROW  shift 35
	GREATERTHANEQ  shift 36
	LESSTHANEQ  shift 37
	BAR  shift 39
	.  reduce 33 (src line 115)


state 95
	exp_list_comma:  exp_list_comma COMMA.exp 

	MINUS  shift 20
	LPAREN  shift 19
	BREAK  shift 16
	FOR  shift 24
	IF  shift 22
	LET  shift 25
	NIL  shift 3
	WHILE  shift 23
	ID  shift 21
	INTLIT  shift 4
	STRINGLIT  shift 5
	.  error

	exp  goto 109
	seqExp  goto 6
	negation  goto 7
	callExp  goto 8
	infixExp  goto 9
	arrExp  goto 10
	recordExp  goto 11
	assignment  goto 12
	ifThenElse  goto 13
	whileExp  goto 14
	forExp  goto 15
	letExp  goto 17
	lValue  goto 18
	subscript  goto 26
	fieldExp  goto 27

state 96
	callExp:  ID LPAREN exp_list_comma RPAREN.    (53)

	.  reduce 53 (src line 144)


state 97
	recordExp:  ID LCURLY Bindings RCURLY.    (66)

	.  reduce 66 (src line 161)


state 98
	Bindings:  Bindings COMMA.Binding 

	ID  shift 82
	.  error

	Binding  goto 110

state 99
	Binding:  ID EQUALS.exp 

	MINUS  shift 20
	LPAREN  shift 19
	BREAK  shift 16
	FOR  shift 24
	IF  shift 22
	LET  shift 25
	NIL  shift 3
	WHILE  shift 23
	ID  shift 21
	INTLIT  shift 4
	STRINGLIT  shift 5
	.  error

	exp  goto 111
	seqExp  goto 6
	negation  goto 7
	callExp  goto 8
	infixExp  goto 9
	arrExp  goto 10
	recordExp  goto 11
	assignment  goto 12
	ifThenElse  goto 13
	whileExp  goto 14
	forExp  goto 15
	letExp  goto 17
	lValue  goto 18
	subscript  goto 26
	fieldExp  goto 27

100: shift/reduce conflict (shift 38(2), red'n 73(0)) on AND
100: shift/reduce conflict (shift 32(3), red'n 73(0)) on EQUALS
100: shift/reduce conflict (shift 30(4), red'n 73(0)) on PLUS
100: shift/reduce conflict (shift 31(4), red'n 73(0)) on MINUS
100: shift/reduce conflict (shift 28(5), red'n 73(0)) on STAR
100: shift/reduce conflict (shift 29(5), red'n 73(0)) on FORWARDSLASH
100: shift/reduce conflict (shift 33(0), red'n 73(0)) on DOUBLEARROW
100: shift/reduce conflict (shift 34(0), red'n 73(0)) on RARROW
100: shift/reduce conflict (shift 35(0), red'n 73(0)) on LARROW
100: shift/reduce conflict (shift 36(0), red'n 73(0)) on GREATERTHANEQ
100: shift/reduce conflict (shift 37(0), red'n 73(0)) on LESSTHANEQ
100: shift/reduce conflict (shift 39(0), red'n 73(0)) on BAR
100: shift/reduce conflict (shift 112(0), red'n 73(0)) on ELSE
state 100
	infixExp:  exp.STAR exp 
	infixExp:  exp.FORWARDSLASH exp 
	infixExp:  exp.PLUS exp 
	infixExp:  exp.MINUS exp 
	infixExp:  exp.EQUALS exp 
	infixExp:  exp.DOUBLEARROW exp 
	infixExp:  exp.RARROW exp 
	infixExp:  exp.LARROW exp 
	infixExp:  exp.GREATERTHANEQ exp 
	infixExp:  exp.LESSTHANEQ exp 
	infixExp:  exp.AND exp 
	infixExp:  exp.BAR exp 
	ifThenElse:  IF exp THEN exp.ELSE exp 
	ifThenElse:  IF exp THEN exp.    (73)

	AND  shift 38
	EQUALS  shift 32
	PLUS  shift 30
	MINUS  shift 31
	STAR  shift 28
	FORWARDSLASH  shift 29
	DOUBLEARROW  shift 33
	RARROW  shift 34
	LARROW  shift 35
	GREATERTHANEQ  shift 36
	LESSTHANEQ  shift 37
	BAR  shift 39
	ELSE  shift 112
	.  reduce 73 (src line 176)


101: shift/reduce conflict (shift 38(2), red'n 74(0)) on AND
101: shift/reduce conflict (shift 32(3), red'n 74(0)) on EQUALS
101: shift/reduce conflict (shift 30(4), red'n 74(0)) on PLUS
101: shift/reduce conflict (shift 31(4), red'n 74(0)) on MINUS
101: shift/reduce conflict (shift 28(5), red'n 74(0)) on STAR
101: shift/reduce conflict (shift 29(5), red'n 74(0)) on FORWARDSLASH
101: shift/reduce conflict (shift 33(0), red'n 74(0)) on DOUBLEARROW
101: shift/reduce conflict (shift 34(0), red'n 74(0)) on RARROW
101: shift/reduce conflict (shift 35(0), red'n 74(0)) on LARROW
101: shift/reduce conflict (shift 36(0), red'n 74(0)) on GREATERTHANEQ
101: shift/reduce conflict (shift 37(0), red'n 74(0)) on LESSTHANEQ
101: shift/reduce conflict (shift 39(0), red'n 74(0)) on BAR
state 101
	infixExp:  exp.STAR exp 
	infixExp:  exp.FORWARDSLASH exp 
	infixExp:  exp.PLUS exp 
	infixExp:  exp.MINUS exp 
	infixExp:  exp.EQUALS exp 
	infixExp:  exp.DOUBLEARROW exp 
	infixExp:  exp.RARROW exp 
	infixExp:  exp.LARROW exp 
	infixExp:  exp.GREATERTHANEQ exp 
	infixExp:  exp.LESSTHANEQ exp 
	infixExp:  exp.AND exp 
	infixExp:  exp.BAR exp 
	whileExp:  WHILE exp DO exp.    (74)

	AND  shift 38
	EQUALS  shift 32
	PLUS  shift 30
	MINUS  shift 31
	STAR  shift 28
	FORWARDSLASH  shift 29
	DOUBLEARROW  shift 33
	RARROW  shift 34
	LARROW  shift 35
	GREATERTHANEQ  shift 36
	LESSTHANEQ  shift 37
	BAR  shift 39
	.  reduce 74 (src line 179)


state 102
	infixExp:  exp.STAR exp 
	infixExp:  exp.FORWARDSLASH exp 
	infixExp:  exp.PLUS exp 
	infixExp:  exp.MINUS exp 
	infixExp:  exp.EQUALS exp 
	infixExp:  exp.DOUBLEARROW exp 
	infixExp:  exp.RARROW exp 
	infixExp:  exp.LARROW exp 
	infixExp:  exp.GREATERTHANEQ exp 
	infixExp:  exp.LESSTHANEQ exp 
	infixExp:  exp.AND exp 
	infixExp:  exp.BAR exp 
	forExp:  FOR ID COLONEQUALS exp.TO exp DO exp 

	AND  shift 38
	EQUALS  shift 32
	PLUS  shift 30
	MINUS  shift 31
	STAR  shift 28
	FORWARDSLASH  shift 29
	DOUBLEARROW  shift 33
	RARROW  shift 34
	LARROW  shift 35
	GREATERTHANEQ  shift 36
	LESSTHANEQ  shift 37
	BAR  shift 39
	TO  shift 113
	.  error


state 103
	exp_list_semi:  exp_list_semi.exp 
	exp_list_semi:  exp_list_semi.SEMICOLON exp 
	letExp:  LET Decs IN exp_list_semi.END 

	MINUS  shift 20
	LPAREN  shift 19
	SEMICOLON  shift 75
	BREAK  shift 16
	END  shift 114
	FOR  shift 24
	IF  shift 22
	LET  shift 25
	NIL  shift 3
	WHILE  shift 23
	ID  shift 21
	INTLIT  shift 4
	STRINGLIT  shift 5
	.  error

	exp  goto 74
	seqExp  goto 6
	negation  goto 7
	callExp  goto 8
	infixExp  goto 9
	arrExp  goto 10
	recordExp  goto 11
	assignment  goto 12
	ifThenElse  goto 13
	whileExp  goto 14
	forExp  goto 15
	letExp  goto 17
	lValue  goto 18
	subscript  goto 26
	fieldExp  goto 27

state 104
	tyDec:  TYPE ID EQUALS.ty 

	LCURLY  shift 120
	ARRAY  shift 119
	ID  shift 116
	.  error

	ty  goto 115
	arrTy  goto 117
	recTy  goto 118

state 105
	varDec:  VAR ID COLONEQUALS.exp 

	MINUS  shift 20
	LPAREN  shift 19
	BREAK  shift 16
	FOR  shift 24
	IF  shift 22
	LET  shift 25
	NIL  shift 3
	WHILE  shift 23
	ID  shift 21
	INTLIT  shift 4
	STRINGLIT  shift 5
	.  error

	exp  goto 121
	seqExp  goto 6
	negation  goto 7
	callExp  goto 8
	infixExp  goto 9
	arrExp  goto 10
	recordExp  goto 11
	assignment  goto 12
	ifThenElse  goto 13
	whileExp  goto 14
	forExp  goto 15
	letExp  goto 17
	lValue  goto 18
	subscript  goto 26
	fieldExp  goto 27

state 106
	varDec:  VAR ID COLON.ID COLONEQUALS exp 

	ID  shift 122
	.  error


107: shift/reduce conflict (shift 124(0), red'n 12(0)) on RPAREN
state 107
	funDec:  FUNCTION ID LPAREN.Params RPAREN EQUALS exp 
	funDec:  FUNCTION ID LPAREN.RPAREN EQUALS exp 
	funDec:  FUNCTION ID LPAREN.Params RPAREN COLON ID EQUALS exp 
	funDec:  FUNCTION ID LPAREN.RPAREN COLON ID EQUALS exp 
	Params: .    (12)

	RPAREN  shift 124
	.  reduce 12 (src line 75)

	Params  goto 123

state 108
	arrExp:  ID LBRACKET exp RBRACKET OF.exp 

	MINUS  shift 20
	LPAREN  shift 19
	BREAK  shift 16
	FOR  shift 24
	IF  shift 22
	LET  shift 25
	NIL  shift 3
	WHILE  shift 23
	ID  shift 21
	INTLIT  shift 4
	STRINGLIT  shift 5
	.  error

	exp  goto 125
	seqExp  goto 6
	negation  goto 7
	callExp  goto 8
	infixExp  goto 9
	arrExp  goto 10
	recordExp  goto 11
	assignment  goto 12
	ifThenElse  goto 13
	whileExp  goto 14
	forExp  goto 15
	letExp  goto 17
	lValue  goto 18
	subscript  goto 26
	fieldExp  goto 27

109: shift/reduce conflict (shift 31(4), red'n 34(0)) on MINUS
state 109
	exp_list_comma:  exp_list_comma COMMA exp.    (34)
	infixExp:  exp.STAR exp 
	infixExp:  exp.FORWARDSLASH exp 
	infixExp:  exp.PLUS exp 
	infixExp:  exp.MINUS exp 
	infixExp:  exp.EQUALS exp 
	infixExp:  exp.DOUBLEARROW exp 
	infixExp:  exp.RARROW exp 
	infixExp:  exp.LARROW exp 
	infixExp:  exp.GREATERTHANEQ exp 
	infixExp:  exp.LESSTHANEQ exp 
	infixExp:  exp.AND exp 
	infixExp:  exp.BAR exp 

	AND  shift 38
	EQUALS  shift 32
	PLUS  shift 30
	MINUS  shift 31
	STAR  shift 28
	FORWARDSLASH  shift 29
	DOUBLEARROW  shift 33
	RARROW  shift 34
	LARROW  shift 35
	GREATERTHANEQ  shift 36
	LESSTHANEQ  shift 37
	BAR  shift 39
	.  reduce 34 (src line 116)


state 110
	Bindings:  Bindings COMMA Binding.    (68)

	.  reduce 68 (src line 165)


state 111
	infixExp:  exp.STAR exp 
	infixExp:  exp.FORWARDSLASH exp 
	infixExp:  exp.PLUS exp 
	infixExp:  exp.MINUS exp 
	infixExp:  exp.EQUALS exp 
	infixExp:  exp.DOUBLEARROW exp 
	infixExp:  exp.RARROW exp 
	infixExp:  exp.LARROW exp 
	infixExp:  exp.GREATERTHANEQ exp 
	infixExp:  exp.LESSTHANEQ exp 
	infixExp:  exp.AND exp 
	infixExp:  exp.BAR exp 
	Binding:  ID EQUALS exp.    (70)

	AND  shift 38
	EQUALS  shift 32
	PLUS  shift 30
	MINUS  shift 31
	STAR  shift 28
	FORWARDSLASH  shift 29
	DOUBLEARROW  shift 33
	RARROW  shift 34
	LARROW  shift 35
	GREATERTHANEQ  shift 36
	LESSTHANEQ  shift 37
	BAR  shift 39
	.  reduce 70 (src line 169)


state 112
	ifThenElse:  IF exp THEN exp ELSE.exp 

	MINUS  shift 20
	LPAREN  shift 19
	BREAK  shift 16
	FOR  shift 24
	IF  shift 22
	LET  shift 25
	NIL  shift 3
	WHILE  shift 23
	ID  shift 21
	INTLIT  shift 4
	STRINGLIT  shift 5
	.  error

	exp  goto 126
	seqExp  goto 6
	negation  goto 7
	callExp  goto 8
	infixExp  goto 9
	arrExp  goto 10
	recordExp  goto 11
	assignment  goto 12
	ifThenElse  goto 13
	whileExp  goto 14
	forExp  goto 15
	letExp  goto 17
	lValue  goto 18
	subscript  goto 26
	fieldExp  goto 27

state 113
	forExp:  FOR ID COLONEQUALS exp TO.exp DO exp 

	MINUS  shift 20
	LPAREN  shift 19
	BREAK  shift 16
	FOR  shift 24
	IF  shift 22
	LET  shift 25
	NIL  shift 3
	WHILE  shift 23
	ID  shift 21
	INTLIT  shift 4
	STRINGLIT  shift 5
	.  error

	exp  goto 127
	seqExp  goto 6
	negation  goto 7
	callExp  goto 8
	infixExp  goto 9
	arrExp  goto 10
	recordExp  goto 11
	assignment  goto 12
	ifThenElse  goto 13
	whileExp  goto 14
	forExp  goto 15
	letExp  goto 17
	lValue  goto 18
	subscript  goto 26
	fieldExp  goto 27

state 114
	letExp:  LET Decs IN exp_list_semi END.    (78)

	.  reduce 78 (src line 189)


state 115
	tyDec:  TYPE ID EQUALS ty.    (5)

	.  reduce 5 (src line 60)


state 116
	ty:  ID.    (6)

	.  reduce 6 (src line 63)


state 117
	ty:  arrTy.    (7)

	.  reduce 7 (src line 64)


state 118
	ty:  recTy.    (8)

	.  reduce 8 (src line 65)


state 119
	arrTy:  ARRAY.OF ID 

	OF  shift 128
	.  error


120: shift/reduce conflict (shift 130(0), red'n 12(0)) on RCURLY
state 120
	recTy:  LCURLY.Params RCURLY 
	recTy:  LCURLY.RCURLY 
	Params: .    (12)

	RCURLY  shift 130
	.  reduce 12 (src line 75)

	Params  goto 129

state 121
	varDec:  VAR ID COLONEQUALS exp.    (20)
	infixExp:  exp.STAR exp 
	infixExp:  exp.FORWARDSLASH exp 
	infixExp:  exp.PLUS exp 
	infixExp:  exp.MINUS exp 
	infixExp:  exp.EQUALS exp 
	infixExp:  exp.DOUBLEARROW exp 
	infixExp:  exp.RARROW exp 
	infixExp:  exp.LARROW exp 
	infixExp:  exp.GREATERTHANEQ exp 
	infixExp:  exp.LESSTHANEQ exp 
	infixExp:  exp.AND exp 
	infixExp:  exp.BAR exp 

	AND  shift 38
	EQUALS  shift 32
	PLUS  shift 30
	MINUS  shift 31
	STAR  shift 28
	FORWARDSLASH  shift 29
	DOUBLEARROW  shift 33
	RARROW  shift 34
	LARROW  shift 35
	GREATERTHANEQ  shift 36
	LESSTHANEQ  shift 37
	BAR  shift 39
	.  reduce 20 (src line 89)


state 122
	varDec:  VAR ID COLON ID.COLONEQUALS exp 

	COLONEQUALS  shift 131
	.  error


state 123
	Params:  Params.Param 
	Params:  Params.COMMA Param 
	funDec:  FUNCTION ID LPAREN Params.RPAREN EQUALS exp 
	funDec:  FUNCTION ID LPAREN Params.RPAREN COLON ID EQUALS exp 

	RPAREN  shift 134
	COMMA  shift 133
	ID  shift 135
	.  error

	Param  goto 132

state 124
	funDec:  FUNCTION ID LPAREN RPAREN.EQUALS exp 
	funDec:  FUNCTION ID LPAREN RPAREN.COLON ID EQUALS exp 

	EQUALS  shift 136
	COLON  shift 137
	.  error


125: shift/reduce conflict (shift 38(2), red'n 24(0)) on AND
125: shift/reduce conflict (shift 32(3), red'n 24(0)) on EQUALS
125: shift/reduce conflict (shift 30(4), red'n 24(0)) on PLUS
125: shift/reduce conflict (shift 31(4), red'n 24(0)) on MINUS
125: shift/reduce conflict (shift 28(5), red'n 24(0)) on STAR
125: shift/reduce conflict (shift 29(5), red'n 24(0)) on FORWARDSLASH
125: shift/reduce conflict (shift 33(0), red'n 24(0)) on DOUBLEARROW
125: shift/reduce conflict (shift 34(0), red'n 24(0)) on RARROW
125: shift/reduce conflict (shift 35(0), red'n 24(0)) on LARROW
125: shift/reduce conflict (shift 36(0), red'n 24(0)) on GREATERTHANEQ
125: shift/reduce conflict (shift 37(0), red'n 24(0)) on LESSTHANEQ
125: shift/reduce conflict (shift 39(0), red'n 24(0)) on BAR
state 125
	arrExp:  ID LBRACKET exp RBRACKET OF exp.    (24)
	infixExp:  exp.STAR exp 
	infixExp:  exp.FORWARDSLASH exp 
	infixExp:  exp.PLUS exp 
	infixExp:  exp.MINUS exp 
	infixExp:  exp.EQUALS exp 
	infixExp:  exp.DOUBLEARROW exp 
	infixExp:  exp.RARROW exp 
	infixExp:  exp.LARROW exp 
	infixExp:  exp.GREATERTHANEQ exp 
	infixExp:  exp.LESSTHANEQ exp 
	infixExp:  exp.AND exp 
	infixExp:  exp.BAR exp 

	AND  shift 38
	EQUALS  shift 32
	PLUS  shift 30
	MINUS  shift 31
	STAR  shift 28
	FORWARDSLASH  shift 29
	DOUBLEARROW  shift 33
	RARROW  shift 34
	LARROW  shift 35
	GREATERTHANEQ  shift 36
	LESSTHANEQ  shift 37
	BAR  shift 39
	.  reduce 24 (src line 98)


126: shift/reduce conflict (shift 38(2), red'n 72(0)) on AND
126: shift/reduce conflict (shift 32(3), red'n 72(0)) on EQUALS
126: shift/reduce conflict (shift 30(4), red'n 72(0)) on PLUS
126: shift/reduce conflict (shift 31(4), red'n 72(0)) on MINUS
126: shift/reduce conflict (shift 28(5), red'n 72(0)) on STAR
126: shift/reduce conflict (shift 29(5), red'n 72(0)) on FORWARDSLASH
126: shift/reduce conflict (shift 33(0), red'n 72(0)) on DOUBLEARROW
126: shift/reduce conflict (shift 34(0), red'n 72(0)) on RARROW
126: shift/reduce conflict (shift 35(0), red'n 72(0)) on LARROW
126: shift/reduce conflict (shift 36(0), red'n 72(0)) on GREATERTHANEQ
126: shift/reduce conflict (shift 37(0), red'n 72(0)) on LESSTHANEQ
126: shift/reduce conflict (shift 39(0), red'n 72(0)) on BAR
state 126
	infixExp:  exp.STAR exp 
	infixExp:  exp.FORWARDSLASH exp 
	infixExp:  exp.PLUS exp 
	infixExp:  exp.MINUS exp 
	infixExp:  exp.EQUALS exp 
	infixExp:  exp.DOUBLEARROW exp 
	infixExp:  exp.RARROW exp 
	infixExp:  exp.LARROW exp 
	infixExp:  exp.GREATERTHANEQ exp 
	infixExp:  exp.LESSTHANEQ exp 
	infixExp:  exp.AND exp 
	infixExp:  exp.BAR exp 
	ifThenElse:  IF exp THEN exp ELSE exp.    (72)

	AND  shift 38
	EQUALS  shift 32
	PLUS  shift 30
	MINUS  shift 31
	STAR  shift 28
	FORWARDSLASH  shift 29
	DOUBLEARROW  shift 33
	RARROW  shift 34
	LARROW  shift 35
	GREATERTHANEQ  shift 36
	LESSTHANEQ  shift 37
	BAR  shift 39
	.  reduce 72 (src line 175)


state 127
	infixExp:  exp.STAR exp 
	infixExp:  exp.FORWARDSLASH exp 
	infixExp:  exp.PLUS exp 
	infixExp:  exp.MINUS exp 
	infixExp:  exp.EQUALS exp 
	infixExp:  exp.DOUBLEARROW exp 
	infixExp:  exp.RARROW exp 
	infixExp:  exp.LARROW exp 
	infixExp:  exp.GREATERTHANEQ exp 
	infixExp:  exp.LESSTHANEQ exp 
	infixExp:  exp.AND exp 
	infixExp:  exp.BAR exp 
	forExp:  FOR ID COLONEQUALS exp TO exp.DO exp 

	AND  shift 38
	EQUALS  shift 32
	PLUS  shift 30
	MINUS  shift 31
	STAR  shift 28
	FORWARDSLASH  shift 29
	DOUBLEARROW  shift 33
	RARROW  shift 34
	LARROW  shift 35
	GREATERTHANEQ  shift 36
	LESSTHANEQ  shift 37
	BAR  shift 39
	DO  shift 138
	.  error


state 128
	arrTy:  ARRAY OF.ID 

	ID  shift 139
	.  error


state 129
	recTy:  LCURLY Params.RCURLY 
	Params:  Params.Param 
	Params:  Params.COMMA Param 

	RCURLY  shift 140
	COMMA  shift 133
	ID  shift 135
	.  error

	Param  goto 132

state 130
	recTy:  LCURLY RCURLY.    (11)

	.  reduce 11 (src line 72)


state 131
	varDec:  VAR ID COLON ID COLONEQUALS.exp 

	MINUS  shift 20
	LPAREN  shift 19
	BREAK  shift 16
	FOR  shift 24
	IF  shift 22
	LET  shift 25
	NIL  shift 3
	WHILE  shift 23
	ID  shift 21
	INTLIT  shift 4
	STRINGLIT  shift 5
	.  error

	exp  goto 141
	seqExp  goto 6
	negation  goto 7
	callExp  goto 8
	infixExp  goto 9
	arrExp  goto 10
	recordExp  goto 11
	assignment  goto 12
	ifThenElse  goto 13
	whileExp  goto 14
	forExp  goto 15
	letExp  goto 17
	lValue  goto 18
	subscript  goto 26
	fieldExp  goto 27

state 132
	Params:  Params Param.    (13)

	.  reduce 13 (src line 76)


state 133
	Params:  Params COMMA.Param 

	ID  shift 135
	.  error

	Param  goto 142

state 134
	funDec:  FUNCTION ID LPAREN Params RPAREN.EQUALS exp 
	funDec:  FUNCTION ID LPAREN Params RPAREN.COLON ID EQUALS exp 

	EQUALS  shift 143
	COLON  shift 144
	.  error


state 135
	Param:  ID.COLON ID 

	COLON  shift 145
	.  error


state 136
	funDec:  FUNCTION ID LPAREN RPAREN EQUALS.exp 

	MINUS  shift 20
	LPAREN  shift 19
	BREAK  shift 16
	FOR  shift 24
	IF  shift 22
	LET  shift 25
	NIL  shift 3
	WHILE  shift 23
	ID  shift 21
	INTLIT  shift 4
	STRINGLIT  shift 5
	.  error

	exp  goto 146
	seqExp  goto 6
	negation  goto 7
	callExp  goto 8
	infixExp  goto 9
	arrExp  goto 10
	recordExp  goto 11
	assignment  goto 12
	ifThenElse  goto 13
	whileExp  goto 14
	forExp  goto 15
	letExp  goto 17
	lValue  goto 18
	subscript  goto 26
	fieldExp  goto 27

state 137
	funDec:  FUNCTION ID LPAREN RPAREN COLON.ID EQUALS exp 

	ID  shift 147
	.  error


state 138
	forExp:  FOR ID COLONEQUALS exp TO exp DO.exp 

	MINUS  shift 20
	LPAREN  shift 19
	BREAK  shift 16
	FOR  shift 24
	IF  shift 22
	LET  shift 25
	NIL  shift 3
	WHILE  shift 23
	ID  shift 21
	INTLIT  shift 4
	STRINGLIT  shift 5
	.  error

	exp  goto 148
	seqExp  goto 6
	negation  goto 7
	callExp  goto 8
	infixExp  goto 9
	arrExp  goto 10
	recordExp  goto 11
	assignment  goto 12
	ifThenElse  goto 13
	whileExp  goto 14
	forExp  goto 15
	letExp  goto 17
	lValue  goto 18
	subscript  goto 26
	fieldExp  goto 27

state 139
	arrTy:  ARRAY OF ID.    (9)

	.  reduce 9 (src line 68)


state 140
	recTy:  LCURLY Params RCURLY.    (10)

	.  reduce 10 (src line 71)


state 141
	varDec:  VAR ID COLON ID COLONEQUALS exp.    (21)
	infixExp:  exp.STAR exp 
	infixExp:  exp.FORWARDSLASH exp 
	infixExp:  exp.PLUS exp 
	infixExp:  exp.MINUS exp 
	infixExp:  exp.EQUALS exp 
	infixExp:  exp.DOUBLEARROW exp 
	infixExp:  exp.RARROW exp 
	infixExp:  exp.LARROW exp 
	infixExp:  exp.GREATERTHANEQ exp 
	infixExp:  exp.LESSTHANEQ exp 
	infixExp:  exp.AND exp 
	infixExp:  exp.BAR exp 

	AND  shift 38
	EQUALS  shift 32
	PLUS  shift 30
	MINUS  shift 31
	STAR  shift 28
	FORWARDSLASH  shift 29
	DOUBLEARROW  shift 33
	RARROW  shift 34
	LARROW  shift 35
	GREATERTHANEQ  shift 36
	LESSTHANEQ  shift 37
	BAR  shift 39
	.  reduce 21 (src line 90)


state 142
	Params:  Params COMMA Param.    (14)

	.  reduce 14 (src line 77)


state 143
	funDec:  FUNCTION ID LPAREN Params RPAREN EQUALS.exp 

	MINUS  shift 20
	LPAREN  shift 19
	BREAK  shift 16
	FOR  shift 24
	IF  shift 22
	LET  shift 25
	NIL  shift 3
	WHILE  shift 23
	ID  shift 21
	INTLIT  shift 4
	STRINGLIT  shift 5
	.  error

	exp  goto 149
	seqExp  goto 6
	negation  goto 7
	callExp  goto 8
	infixExp  goto 9
	arrExp  goto 10
	recordExp  goto 11
	assignment  goto 12
	ifThenElse  goto 13
	whileExp  goto 14
	forExp  goto 15
	letExp  goto 17
	lValue  goto 18
	subscript  goto 26
	fieldExp  goto 27

state 144
	funDec:  FUNCTION ID LPAREN Params RPAREN COLON.ID EQUALS exp 

	ID  shift 150
	.  error


state 145
	Param:  ID COLON.ID 

	ID  shift 151
	.  error


state 146
	funDec:  FUNCTION ID LPAREN RPAREN EQUALS exp.    (17)
	infixExp:  exp.STAR exp 
	infixExp:  exp.FORWARDSLASH exp 
	infixExp:  exp.PLUS exp 
	infixExp:  exp.MINUS exp 
	infixExp:  exp.EQUALS exp 
	infixExp:  exp.DOUBLEARROW exp 
	infixExp:  exp.RARROW exp 
	infixExp:  exp.LARROW exp 
	infixExp:  exp.GREATERTHANEQ exp 
	infixExp:  exp.LESSTHANEQ exp 
	infixExp:  exp.AND exp 
	infixExp:  exp.BAR exp 

	AND  shift 38
	EQUALS  shift 32
	PLUS  shift 30
	MINUS  shift 31
	STAR  shift 28
	FORWARDSLASH  shift 29
	DOUBLEARROW  shift 33
	RARROW  shift 34
	LARROW  shift 35
	GREATERTHANEQ  shift 36
	LESSTHANEQ  shift 37
	BAR  shift 39
	.  reduce 17 (src line 84)


state 147
	funDec:  FUNCTION ID LPAREN RPAREN COLON ID.EQUALS exp 

	EQUALS  shift 152
	.  error


148: shift/reduce conflict (shift 38(2), red'n 75(0)) on AND
148: shift/reduce conflict (shift 32(3), red'n 75(0)) on EQUALS
148: shift/reduce conflict (shift 30(4), red'n 75(0)) on PLUS
148: shift/reduce conflict (shift 31(4), red'n 75(0)) on MINUS
148: shift/reduce conflict (shift 28(5), red'n 75(0)) on STAR
148: shift/reduce conflict (shift 29(5), red'n 75(0)) on FORWARDSLASH
148: shift/reduce conflict (shift 33(0), red'n 75(0)) on DOUBLEARROW
148: shift/reduce conflict (shift 34(0), red'n 75(0)) on RARROW
148: shift/reduce conflict (shift 35(0), red'n 75(0)) on LARROW
148: shift/reduce conflict (shift 36(0), red'n 75(0)) on GREATERTHANEQ
148: shift/reduce conflict (shift 37(0), red'n 75(0)) on LESSTHANEQ
148: shift/reduce conflict (shift 39(0), red'n 75(0)) on BAR
state 148
	infixExp:  exp.STAR exp 
	infixExp:  exp.FORWARDSLASH exp 
	infixExp:  exp.PLUS exp 
	infixExp:  exp.MINUS exp 
	infixExp:  exp.EQUALS exp 
	infixExp:  exp.DOUBLEARROW exp 
	infixExp:  exp.RARROW exp 
	infixExp:  exp.LARROW exp 
	infixExp:  exp.GREATERTHANEQ exp 
	infixExp:  exp.LESSTHANEQ exp 
	infixExp:  exp.AND exp 
	infixExp:  exp.BAR exp 
	forExp:  FOR ID COLONEQUALS exp TO exp DO exp.    (75)

	AND  shift 38
	EQUALS  shift 32
	PLUS  shift 30
	MINUS  shift 31
	STAR  shift 28
	FORWARDSLASH  shift 29
	DOUBLEARROW  shift 33
	RARROW  shift 34
	LARROW  shift 35
	GREATERTHANEQ  shift 36
	LESSTHANEQ  shift 37
	BAR  shift 39
	.  reduce 75 (src line 182)


state 149
	funDec:  FUNCTION ID LPAREN Params RPAREN EQUALS exp.    (16)
	infixExp:  exp.STAR exp 
	infixExp:  exp.FORWARDSLASH exp 
	infixExp:  exp.PLUS exp 
	infixExp:  exp.MINUS exp 
	infixExp:  exp.EQUALS exp 
	infixExp:  exp.DOUBLEARROW exp 
	infixExp:  exp.RARROW exp 
	infixExp:  exp.LARROW exp 
	infixExp:  exp.GREATERTHANEQ exp 
	infixExp:  exp.LESSTHANEQ exp 
	infixExp:  exp.AND exp 
	infixExp:  exp.BAR exp 

	AND  shift 38
	EQUALS  shift 32
	PLUS  shift 30
	MINUS  shift 31
	STAR  shift 28
	FORWARDSLASH  shift 29
	DOUBLEARROW  shift 33
	RARROW  shift 34
	LARROW  shift 35
	GREATERTHANEQ  shift 36
	LESSTHANEQ  shift 37
	BAR  shift 39
	.  reduce 16 (src line 83)


state 150
	funDec:  FUNCTION ID LPAREN Params RPAREN COLON ID.EQUALS exp 

	EQUALS  shift 153
	.  error


state 151
	Param:  ID COLON ID.    (15)

	.  reduce 15 (src line 80)


state 152
	funDec:  FUNCTION ID LPAREN RPAREN COLON ID EQUALS.exp 

	MINUS  shift 20
	LPAREN  shift 19
	BREAK  shift 16
	FOR  shift 24
	IF  shift 22
	LET  shift 25
	NIL  shift 3
	WHILE  shift 23
	ID  shift 21
	INTLIT  shift 4
	STRINGLIT  shift 5
	.  error

	exp  goto 154
	seqExp  goto 6
	negation  goto 7
	callExp  goto 8
	infixExp  goto 9
	arrExp  goto 10
	recordExp  goto 11
	assignment  goto 12
	ifThenElse  goto 13
	whileExp  goto 14
	forExp  goto 15
	letExp  goto 17
	lValue  goto 18
	subscript  goto 26
	fieldExp  goto 27

state 153
	funDec:  FUNCTION ID LPAREN Params RPAREN COLON ID EQUALS.exp 

	MINUS  shift 20
	LPAREN  shift 19
	BREAK  shift 16
	FOR  shift 24
	IF  shift 22
	LET  shift 25
	NIL  shift 3
	WHILE  shift 23
	ID  shift 21
	INTLIT  shift 4
	STRINGLIT  shift 5
	.  error

	exp  goto 155
	seqExp  goto 6
	negation  goto 7
	callExp  goto 8
	infixExp  goto 9
	arrExp  goto 10
	recordExp  goto 11
	assignment  goto 12
	ifThenElse  goto 13
	whileExp  goto 14
	forExp  goto 15
	letExp  goto 17
	lValue  goto 18
	subscript  goto 26
	fieldExp  goto 27

state 154
	funDec:  FUNCTION ID LPAREN RPAREN COLON ID EQUALS exp.    (19)
	infixExp:  exp.STAR exp 
	infixExp:  exp.FORWARDSLASH exp 
	infixExp:  exp.PLUS exp 
	infixExp:  exp.MINUS exp 
	infixExp:  exp.EQUALS exp 
	infixExp:  exp.DOUBLEARROW exp 
	infixExp:  exp.RARROW exp 
	infixExp:  exp.LARROW exp 
	infixExp:  exp.GREATERTHANEQ exp 
	infixExp:  exp.LESSTHANEQ exp 
	infixExp:  exp.AND exp 
	infixExp:  exp.BAR exp 

	AND  shift 38
	EQUALS  shift 32
	PLUS  shift 30
	MINUS  shift 31
	STAR  shift 28
	FORWARDSLASH  shift 29
	DOUBLEARROW  shift 33
	RARROW  shift 34
	LARROW  shift 35
	GREATERTHANEQ  shift 36
	LESSTHANEQ  shift 37
	BAR  shift 39
	.  reduce 19 (src line 86)


state 155
	funDec:  FUNCTION ID LPAREN Params RPAREN COLON ID EQUALS exp.    (18)
	infixExp:  exp.STAR exp 
	infixExp:  exp.FORWARDSLASH exp 
	infixExp:  exp.PLUS exp 
	infixExp:  exp.MINUS exp 
	infixExp:  exp.EQUALS exp 
	infixExp:  exp.DOUBLEARROW exp 
	infixExp:  exp.RARROW exp 
	infixExp:  exp.LARROW exp 
	infixExp:  exp.GREATERTHANEQ exp 
	infixExp:  exp.LESSTHANEQ exp 
	infixExp:  exp.AND exp 
	infixExp:  exp.BAR exp 

	AND  shift 38
	EQUALS  shift 32
	PLUS  shift 30
	MINUS  shift 31
	STAR  shift 28
	FORWARDSLASH  shift 29
	DOUBLEARROW  shift 33
	RARROW  shift 34
	LARROW  shift 35
	GREATERTHANEQ  shift 36
	LESSTHANEQ  shift 37
	BAR  shift 39
	.  reduce 18 (src line 85)


54 terminals, 31 nonterminals
79 grammar rules, 156/8000 states
195 shift/reduce, 0 reduce/reduce conflicts reported
80 working sets used
memory: parser 783/120000
117 extra closures
902 shift entries, 2 exceptions
71 goto entries
523 entries saved by goto default
Optimizer space used: output 406/120000
406 table entries, 91 zero
maximum spread: 53, maximum offset: 153
